Sender: LSF System <lsfadmin@polus-c3-ib.bmc.hpc.cs.msu.ru>
Subject: Job 989624: <# this file was automaticly created by mpisubmit.pl script for edu-cmc-skmodel22-628-03 #;#BSUB -n 40;#BSUB -R span[ptile=20];#BSUB -W 00:30;#BSUB -gpu "num=2:mode=shared:mps=yes";#BSUB -o solve_omp8.40.1.%J.out;#BSUB -e solve_omp8.40.1.%J.err; mpiexec solve_omp8.40.1 768 1> in cluster <MSUCluster> Done

Job <# this file was automaticly created by mpisubmit.pl script for edu-cmc-skmodel22-628-03 #;#BSUB -n 40;#BSUB -R span[ptile=20];#BSUB -W 00:30;#BSUB -gpu "num=2:mode=shared:mps=yes";#BSUB -o solve_omp8.40.1.%J.out;#BSUB -e solve_omp8.40.1.%J.err; mpiexec solve_omp8.40.1 768 1> was submitted from host <polus-ib.bmc.hpc.cs.msu.ru> by user <edu-cmc-skmodel22-628-03> in cluster <MSUCluster> at Sun Dec 11 23:27:56 2022
Job was executed on host(s) <20*polus-c3-ib.bmc.hpc.cs.msu.ru>, in queue <short>, as user <edu-cmc-skmodel22-628-03> in cluster <MSUCluster> at Mon Dec 12 06:25:39 2022
                            <20*polus-c2-ib.bmc.hpc.cs.msu.ru>
</home_edu/edu-cmc-skmodel22-628/edu-cmc-skmodel22-628-03> was used as the home directory.
</home_edu/edu-cmc-skmodel22-628/edu-cmc-skmodel22-628-03/task4> was used as the working directory.
Started at Mon Dec 12 06:25:39 2022
Terminated at Mon Dec 12 06:50:23 2022
Results reported at Mon Dec 12 06:50:23 2022

Your job looked like:

------------------------------------------------------------
# LSBATCH: User input
# this file was automaticly created by mpisubmit.pl script for edu-cmc-skmodel22-628-03 #
#BSUB -n 40
#BSUB -R span[ptile=20]
#BSUB -W 00:30
#BSUB -gpu "num=2:mode=shared:mps=yes"
#BSUB -o solve_omp8.40.1.%J.out
#BSUB -e solve_omp8.40.1.%J.err
 mpiexec solve_omp8.40.1 768 1

------------------------------------------------------------

Successfully completed.

Resource usage summary:

    CPU time :                                   323676.00 sec.
    Max Memory :                                 18489 MB
    Average Memory :                             8402.83 MB
    Total Requested Memory :                     -
    Delta Memory :                               -
    Max Swap :                                   -
    Max Processes :                              437
    Max Threads :                                1305
    Run time :                                   1484 sec.
    Turnaround time :                            26547 sec.

The output (if any) follows:

4.990674e-16
2.225164e-11
8.900369e-11
2.002478e-10
3.559727e-10
5.561571e-10
8.008049e-10
1.089996e-09
1.424351e-09
1.806627e-09
2.257248e-09
2.866257e-09
4.107091e-09
8.638485e-09
3.006425e-08
1.253835e-07
5.880473e-07
2.723107e-06
1.276250e-05
5.969970e-05
time = 4.163391e+01
 


PS:

Read file <solve_omp8.40.1.989624.err> for stderr output of this job.

